2024-04-28 19:28:36 | INFO | request | request.py | get: https://www.temu.com/
2024-04-28 19:29:38 | INFO | proxy | proxy.py | Proxy is http://user-databurning-sessid-s2iwihus-sesstime-20-keep-true:databurning@43.128.74.58:30111
2024-04-28 19:29:38 | INFO | request | request.py | get: https://www.temu.com/
2024-04-28 19:29:44 | INFO | request | request.py | get: https://www.temu.com/api/server/_stm
2024-04-28 19:29:55 | INFO | proxy | proxy.py | Proxy is http://user-databurning-sessid-jxe77rnp-sesstime-20-keep-true:databurning@43.128.74.58:30111
2024-04-28 19:29:55 | INFO | request | request.py | get: https://www.temu.com/
2024-04-28 19:30:03 | INFO | proxy | proxy.py | Proxy is http://user-databurning-sessid-sd2aukwl-sesstime-20-keep-true:databurning@43.128.74.58:30111
2024-04-28 19:30:03 | INFO | request | request.py | get: https://www.temu.com/
2024-04-28 19:30:07 | INFO | request | request.py | get: https://www.temu.com/api/server/_stm
2024-04-28 19:30:08 | INFO | request | request.py | get: https://www.temu.com/api/phantom/dm/wl/cg
2024-04-28 19:30:08 | INFO | request | request.py | get: https://www.temu.com/api/phantom/xg/pfb/a3
2024-04-28 19:30:08 | INFO | request | request.py | get: https://www.temu.com/api/phantom/xg/pfb/b
2024-04-28 19:30:08 | INFO | request | request.py | post: https://www.temu.com/api/phantom/xg/pfb/a4
2024-04-28 19:30:08 | INFO | request | request.py | get: https://www.temu.com/api/phantom/xg/pfb/l1
2024-04-28 19:30:11 | INFO | request | request.py | post: https://eu.thtk.temu.com/c/th.gif
2024-04-28 19:30:11 | INFO | request | request.py | post: https://eu.thtk.temu.com/c/th.gif
2024-04-28 19:30:11 | INFO | request | request.py | post: https://eu.thtk.temu.com/c/th.gif
2024-04-28 19:30:11 | INFO | request | request.py | post: https://eu.thtk.temu.com/c/th.gif
2024-04-28 19:30:13 | INFO | request | request.py | post: https://eu.thtk.temu.com/c/th.gif
2024-04-28 19:30:13 | INFO | request | request.py | post: https://eu.thtk.temu.com/c/th.gif
2024-04-28 19:30:13 | INFO | request | request.py | post: https://eu.thtk.temu.com/c/th.gif
2024-04-28 19:30:13 | INFO | request | request.py | post: https://eu.thtk.temu.com/c/th.gif
2024-04-28 19:30:16 | INFO | temu | temu.py | 开始验证
2024-04-28 19:30:16 | INFO | request | request.py | get: https://www.temu.com/api/adx/cm/ttc?scene=1&type=0
2024-04-28 19:30:18 | INFO | request | request.py | get: https://www.temu.com/api/alexa/homepage/goods_list
2024-04-28 19:30:22 | INFO | request | request.py | post: https://www.temu.com/api/poppy/v1/opt_list?scene=opt_list_all
2024-04-28 19:30:24 | INFO | temu | temu.py | 接口出现验证码,开始验证 token:TzRefR9S1kq01SxA_l0tbA9b85dabf83c8caf54
2024-04-28 19:30:24 | INFO | verify_captcha | verify_captcha.py | 验证码识别开始
2024-04-28 19:30:24 | INFO | request | request.py | get: https://www.temu.com/uk/bgn_verification.html?VerifyAuthToken=TzRefR9S1kq01SxA_l0tbA9b85dabf83c8caf54&from=https%3A%2F%2Fwww.temu.com%2F&type=iframe&iframeMsgId=bzhdz94ww0k37kzl11nr0
2024-04-28 19:30:26 | INFO | request | request.py | post: https://eu.thtk.temu.com/c/th.gif
2024-04-28 19:30:28 | INFO | request | request.py | post: https://eu.thtk.temu.com/c/th.gif
2024-04-28 19:30:30 | INFO | request | request.py | post: https://www.temu.com/api/phantom/vc_pre_ck
2024-04-28 19:30:32 | INFO | verify_captcha | verify_captcha.py | 开始获取验证吗
2024-04-28 19:30:32 | INFO | request | request.py | post: https://www.temu.com/api/phantom/obtain_captcha
2024-04-28 19:30:34 | INFO | verify_captcha | verify_captcha.py | 验证吗获取完成
2024-04-28 19:30:34 | INFO | verify_captcha | verify_captcha.py | 点选验证码开始识别
2024-04-28 19:30:39 | INFO | verify_captcha | verify_captcha.py | 轨迹构造完成,开始提交
2024-04-28 19:30:39 | INFO | request | request.py | post: https://www.temu.com/api/phantom/user_verify
2024-04-28 19:30:41 | INFO | verify_captcha | verify_captcha.py | 验证识别通过
2024-04-28 19:30:41 | INFO | request | request.py | post: https://www.temu.com/api/poppy/v1/opt_list?scene=opt_list_all
2024-04-28 19:30:49 | INFO | temu | temu.py | 选择一部分商品进行gif提交
2024-04-28 19:30:49 | INFO | temu | temu.py | 校验商品接口
2024-04-28 19:33:06 | INFO | proxy | proxy.py | Proxy is http://user-databurning-sessid-ep1orbwz-sesstime-20-keep-true:databurning@43.128.74.58:30111
2024-04-28 19:33:06 | INFO | request | request.py | get: https://www.temu.com/
2024-04-28 19:33:12 | INFO | request | request.py | get: https://www.temu.com/api/server/_stm
2024-04-28 19:33:15 | INFO | request | request.py | get: https://www.temu.com/api/phantom/dm/wl/cg
2024-04-28 19:33:15 | INFO | request | request.py | get: https://www.temu.com/api/phantom/xg/pfb/a3
2024-04-28 19:33:15 | INFO | request | request.py | get: https://www.temu.com/api/phantom/xg/pfb/b
2024-04-28 19:33:15 | INFO | request | request.py | post: https://www.temu.com/api/phantom/xg/pfb/a4
2024-04-28 19:33:15 | INFO | request | request.py | get: https://www.temu.com/api/phantom/xg/pfb/l1
2024-04-28 19:33:18 | INFO | request | request.py | post: https://eu.thtk.temu.com/c/th.gif
2024-04-28 19:33:18 | INFO | request | request.py | post: https://eu.thtk.temu.com/c/th.gif
2024-04-28 19:33:18 | INFO | request | request.py | post: https://eu.thtk.temu.com/c/th.gif
2024-04-28 19:33:18 | INFO | request | request.py | post: https://eu.thtk.temu.com/c/th.gif
2024-04-28 19:33:23 | INFO | request | request.py | post: https://eu.thtk.temu.com/c/th.gif
2024-04-28 19:33:23 | INFO | request | request.py | post: https://eu.thtk.temu.com/c/th.gif
2024-04-28 19:33:23 | INFO | request | request.py | post: https://eu.thtk.temu.com/c/th.gif
2024-04-28 19:33:23 | INFO | request | request.py | post: https://eu.thtk.temu.com/c/th.gif
2024-04-28 19:33:27 | INFO | temu | temu.py | 开始验证
2024-04-28 19:33:27 | INFO | request | request.py | get: https://www.temu.com/api/adx/cm/ttc?scene=1&type=0
2024-04-28 19:33:30 | INFO | request | request.py | get: https://www.temu.com/api/alexa/homepage/goods_list
2024-04-28 19:33:35 | INFO | request | request.py | post: https://www.temu.com/api/poppy/v1/opt_list?scene=opt_list_all
2024-04-28 19:33:39 | INFO | temu | temu.py | 接口出现验证码,开始验证 token:4olxTsTgtbVXxZskG-sq7wf95c9598cdbf5a5ea
2024-04-28 19:33:39 | INFO | verify_captcha | verify_captcha.py | 验证码识别开始
2024-04-28 19:33:39 | INFO | request | request.py | get: https://www.temu.com/uk/bgn_verification.html?VerifyAuthToken=4olxTsTgtbVXxZskG-sq7wf95c9598cdbf5a5ea&from=https%3A%2F%2Fwww.temu.com%2F&type=iframe&iframeMsgId=1a9q3ftxrj0jiinodt3g7
2024-04-28 19:33:42 | INFO | request | request.py | post: https://eu.thtk.temu.com/c/th.gif
2024-04-28 19:33:46 | INFO | request | request.py | post: https://eu.thtk.temu.com/c/th.gif
2024-04-28 19:33:50 | INFO | request | request.py | post: https://www.temu.com/api/phantom/vc_pre_ck
2024-04-28 19:33:53 | INFO | verify_captcha | verify_captcha.py | 开始获取验证吗
2024-04-28 19:33:53 | INFO | request | request.py | post: https://www.temu.com/api/phantom/obtain_captcha
2024-04-28 19:33:57 | INFO | verify_captcha | verify_captcha.py | 验证吗获取完成
2024-04-28 19:33:57 | INFO | verify_captcha | verify_captcha.py | 点选验证码开始识别
2024-04-28 19:33:57 | INFO | verify_captcha | verify_captcha.py | 识别完成
2024-04-28 19:33:58 | INFO | verify_captcha | verify_captcha.py | 轨迹构造完成,开始提交
2024-04-28 19:33:58 | INFO | request | request.py | post: https://www.temu.com/api/phantom/user_verify
2024-04-28 19:34:04 | INFO | verify_captcha | verify_captcha.py | 验证识别通过
2024-04-28 19:34:04 | INFO | request | request.py | post: https://www.temu.com/api/poppy/v1/opt_list?scene=opt_list_all
2024-04-28 19:34:14 | INFO | proxy | proxy.py | Proxy is http://user-databurning-sessid-tnhnoae5-sesstime-20-keep-true:databurning@43.128.74.58:30111
2024-04-28 19:34:22 | INFO | temu | temu.py | 选择一部分商品进行gif提交
2024-04-28 19:34:22 | INFO | temu | temu.py | 校验商品接口
2024-04-28 19:36:32 | INFO | proxy | proxy.py | Proxy is http://user-databurning-sessid-14vxatxk-sesstime-20-keep-true:databurning@43.128.74.58:30111
2024-04-28 19:36:32 | INFO | request | request.py | get: https://www.temu.com/
2024-04-28 19:36:39 | INFO | proxy | proxy.py | Proxy is http://user-databurning-sessid-i6epdag6-sesstime-20-keep-true:databurning@43.128.74.58:30111
2024-04-28 19:36:39 | INFO | request | request.py | get: https://www.temu.com/
2024-04-28 19:36:48 | INFO | proxy | proxy.py | Proxy is http://user-databurning-sessid-br2nje99-sesstime-20-keep-true:databurning@43.128.74.58:30111
2024-04-28 19:36:48 | INFO | request | request.py | get: https://www.temu.com/
2024-04-28 19:37:16 | INFO | proxy | proxy.py | Proxy is http://user-databurning-sessid-s366m5fh-sesstime-20-keep-true:databurning@43.128.74.58:30111
2024-04-28 19:37:16 | INFO | request | request.py | get: https://www.temu.com/
2024-04-28 19:37:25 | INFO | proxy | proxy.py | Proxy is http://user-databurning-sessid-58u9prn5-sesstime-20-keep-true:databurning@43.128.74.58:30111
2024-04-28 19:37:25 | INFO | request | request.py | get: https://www.temu.com/
2024-04-28 19:37:32 | INFO | proxy | proxy.py | Proxy is http://user-databurning-sessid-k0ju4v2w-sesstime-20-keep-true:databurning@43.128.74.58:30111
2024-04-28 19:37:32 | INFO | request | request.py | get: https://www.temu.com/
2024-04-28 19:37:59 | INFO | proxy | proxy.py | Proxy is http://user-databurning-sessid-t260byd9-sesstime-20-keep-true:databurning@43.128.74.58:30111
2024-04-28 19:37:59 | INFO | request | request.py | get: https://www.temu.com/
2024-04-28 19:38:04 | INFO | request | request.py | get: https://www.temu.com/api/server/_stm
2024-04-28 19:38:06 | INFO | request | request.py | get: https://www.temu.com/api/phantom/dm/wl/cg
2024-04-28 19:38:06 | INFO | request | request.py | get: https://www.temu.com/api/phantom/xg/pfb/a3
2024-04-28 19:38:06 | INFO | request | request.py | get: https://www.temu.com/api/phantom/xg/pfb/b
2024-04-28 19:38:06 | INFO | request | request.py | post: https://www.temu.com/api/phantom/xg/pfb/a4
2024-04-28 19:38:06 | INFO | request | request.py | get: https://www.temu.com/api/phantom/xg/pfb/l1
2024-04-28 19:38:09 | INFO | request | request.py | post: https://eu.thtk.temu.com/c/th.gif
2024-04-28 19:38:09 | INFO | request | request.py | post: https://eu.thtk.temu.com/c/th.gif
2024-04-28 19:38:09 | INFO | request | request.py | post: https://eu.thtk.temu.com/c/th.gif
2024-04-28 19:38:09 | INFO | request | request.py | post: https://eu.thtk.temu.com/c/th.gif
2024-04-28 19:38:12 | INFO | request | request.py | post: https://eu.thtk.temu.com/c/th.gif
2024-04-28 19:38:12 | INFO | request | request.py | post: https://eu.thtk.temu.com/c/th.gif
2024-04-28 19:38:12 | INFO | request | request.py | post: https://eu.thtk.temu.com/c/th.gif
2024-04-28 19:38:12 | INFO | request | request.py | post: https://eu.thtk.temu.com/c/th.gif
2024-04-28 19:38:16 | INFO | temu | temu.py | 开始验证
2024-04-28 19:38:16 | INFO | request | request.py | get: https://www.temu.com/api/adx/cm/ttc?scene=1&type=0
2024-04-28 19:38:18 | INFO | request | request.py | get: https://www.temu.com/api/alexa/homepage/goods_list
2024-04-28 19:38:22 | INFO | request | request.py | post: https://www.temu.com/api/poppy/v1/opt_list?scene=opt_list_all
2024-04-28 19:38:25 | INFO | temu | temu.py | 选择一部分商品进行gif提交
2024-04-28 19:38:25 | INFO | temu | temu.py | 校验商品接口
2024-04-28 19:38:32 | INFO | proxy | proxy.py | Proxy is http://user-databurning-sessid-ibf3kp74-sesstime-20-keep-true:databurning@43.128.74.58:30111
2024-04-28 19:38:32 | INFO | request | request.py | get: https://www.temu.com/
2024-04-28 19:38:38 | INFO | request | request.py | get: https://www.temu.com/api/server/_stm
2024-04-28 19:38:41 | INFO | request | request.py | get: https://www.temu.com/api/phantom/dm/wl/cg
2024-04-28 19:38:41 | INFO | request | request.py | get: https://www.temu.com/api/phantom/xg/pfb/a3
2024-04-28 19:38:41 | INFO | request | request.py | get: https://www.temu.com/api/phantom/xg/pfb/b
2024-04-28 19:38:41 | INFO | request | request.py | post: https://www.temu.com/api/phantom/xg/pfb/a4
2024-04-28 19:38:41 | INFO | request | request.py | get: https://www.temu.com/api/phantom/xg/pfb/l1
2024-04-28 19:38:44 | INFO | request | request.py | post: https://eu.thtk.temu.com/c/th.gif
2024-04-28 19:38:44 | INFO | request | request.py | post: https://eu.thtk.temu.com/c/th.gif
2024-04-28 19:38:44 | INFO | request | request.py | post: https://eu.thtk.temu.com/c/th.gif
2024-04-28 19:38:44 | INFO | request | request.py | post: https://eu.thtk.temu.com/c/th.gif
2024-04-28 19:38:49 | INFO | request | request.py | post: https://eu.thtk.temu.com/c/th.gif
2024-04-28 19:38:49 | INFO | request | request.py | post: https://eu.thtk.temu.com/c/th.gif
2024-04-28 19:38:49 | INFO | request | request.py | post: https://eu.thtk.temu.com/c/th.gif
2024-04-28 19:38:49 | INFO | request | request.py | post: https://eu.thtk.temu.com/c/th.gif
2024-04-28 19:38:54 | INFO | temu | temu.py | 开始验证
2024-04-28 19:38:54 | INFO | request | request.py | get: https://www.temu.com/api/adx/cm/ttc?scene=1&type=0
2024-04-28 19:38:57 | INFO | request | request.py | get: https://www.temu.com/api/alexa/homepage/goods_list
2024-04-28 19:39:02 | INFO | request | request.py | post: https://www.temu.com/api/poppy/v1/opt_list?scene=opt_list_all
2024-04-28 19:39:05 | INFO | temu | temu.py | 接口出现验证码,开始验证 token:fIa1BsYelt6UzyiJ9bkxEg8ad8cb1afe52e83ea
2024-04-28 19:39:05 | INFO | verify_captcha | verify_captcha.py | 验证码识别开始
2024-04-28 19:39:05 | INFO | request | request.py | get: https://www.temu.com/uk/bgn_verification.html?VerifyAuthToken=fIa1BsYelt6UzyiJ9bkxEg8ad8cb1afe52e83ea&from=https%3A%2F%2Fwww.temu.com%2F&type=iframe&iframeMsgId=9bepc190hw15pur0pde7h
2024-04-28 19:39:08 | INFO | request | request.py | post: https://eu.thtk.temu.com/c/th.gif
2024-04-28 19:39:08 | INFO | request | request.py | post: https://eu.thtk.temu.com/c/th.gif
2024-04-28 19:39:14 | INFO | request | request.py | post: https://www.temu.com/api/phantom/vc_pre_ck
2024-04-28 19:39:16 | INFO | verify_captcha | verify_captcha.py | 开始获取验证吗
2024-04-28 19:39:16 | INFO | request | request.py | post: https://www.temu.com/api/phantom/obtain_captcha
2024-04-28 19:39:21 | INFO | verify_captcha | verify_captcha.py | 验证吗获取完成
2024-04-28 19:39:21 | INFO | verify_captcha | verify_captcha.py | 点选验证码开始识别
2024-04-28 19:39:23 | INFO | verify_captcha | verify_captcha.py | 识别完成
2024-04-28 19:39:23 | INFO | verify_captcha | verify_captcha.py | 轨迹构造完成,开始提交
2024-04-28 19:39:23 | INFO | request | request.py | post: https://www.temu.com/api/phantom/user_verify
2024-04-28 19:39:26 | ERROR | verify_captcha | verify_captcha.py | 识别坐标错误,再次识别,剩余9
2024-04-28 19:39:26 | INFO | verify_captcha | verify_captcha.py | 开始获取验证吗
2024-04-28 19:39:26 | INFO | request | request.py | post: https://www.temu.com/api/phantom/obtain_captcha
2024-04-28 19:39:31 | INFO | verify_captcha | verify_captcha.py | 验证吗获取完成
2024-04-28 19:39:31 | INFO | verify_captcha | verify_captcha.py | 点选验证码开始识别
2024-04-28 19:39:31 | ERROR | verify_captcha | verify_captcha.py | 验证吗识别报错,Expecting value: line 1 column 1 (char 0),重新去获取验证吗
2024-04-28 19:39:31 | INFO | verify_captcha | verify_captcha.py | 开始获取验证吗
2024-04-28 19:39:31 | INFO | request | request.py | post: https://www.temu.com/api/phantom/obtain_captcha
2024-04-28 19:39:35 | INFO | verify_captcha | verify_captcha.py | 验证吗获取完成
2024-04-28 19:39:35 | INFO | verify_captcha | verify_captcha.py | 点选验证码开始识别
2024-04-28 19:39:35 | INFO | verify_captcha | verify_captcha.py | 识别完成
2024-04-28 19:39:36 | INFO | verify_captcha | verify_captcha.py | 轨迹构造完成,开始提交
2024-04-28 19:39:36 | INFO | request | request.py | post: https://www.temu.com/api/phantom/user_verify
2024-04-28 19:39:40 | INFO | verify_captcha | verify_captcha.py | 验证识别通过
2024-04-28 19:39:40 | INFO | request | request.py | post: https://www.temu.com/api/poppy/v1/opt_list?scene=opt_list_all
2024-04-28 19:39:49 | INFO | temu | temu.py | 选择一部分商品进行gif提交
2024-04-28 19:39:49 | INFO | temu | temu.py | 校验商品接口
2024-04-28 19:39:54 | INFO | proxy | proxy.py | Proxy is http://user-databurning-sessid-1sq4oe5y-sesstime-20-keep-true:databurning@43.128.74.58:30111
2024-04-28 19:39:54 | INFO | request | request.py | get: https://www.temu.com/
2024-04-28 19:40:00 | INFO | request | request.py | get: https://www.temu.com/api/server/_stm
2024-04-28 19:40:02 | INFO | request | request.py | get: https://www.temu.com/api/phantom/dm/wl/cg
2024-04-28 19:40:02 | INFO | request | request.py | get: https://www.temu.com/api/phantom/xg/pfb/a3
2024-04-28 19:40:02 | INFO | request | request.py | get: https://www.temu.com/api/phantom/xg/pfb/b
2024-04-28 19:40:02 | INFO | request | request.py | post: https://www.temu.com/api/phantom/xg/pfb/a4
2024-04-28 19:40:02 | INFO | request | request.py | get: https://www.temu.com/api/phantom/xg/pfb/l1
2024-04-28 19:40:07 | INFO | request | request.py | post: https://eu.thtk.temu.com/c/th.gif
2024-04-28 19:40:07 | INFO | request | request.py | post: https://eu.thtk.temu.com/c/th.gif
2024-04-28 19:40:07 | INFO | request | request.py | post: https://eu.thtk.temu.com/c/th.gif
2024-04-28 19:40:07 | INFO | request | request.py | post: https://eu.thtk.temu.com/c/th.gif
2024-04-28 19:40:11 | INFO | request | request.py | post: https://eu.thtk.temu.com/c/th.gif
2024-04-28 19:40:11 | INFO | request | request.py | post: https://eu.thtk.temu.com/c/th.gif
2024-04-28 19:40:11 | INFO | request | request.py | post: https://eu.thtk.temu.com/c/th.gif
2024-04-28 19:40:11 | INFO | request | request.py | post: https://eu.thtk.temu.com/c/th.gif
2024-04-28 19:40:17 | INFO | proxy | proxy.py | Proxy is http://user-databurning-sessid-lzsdb3fx-sesstime-20-keep-true:databurning@43.128.74.58:30111
2024-04-28 19:40:17 | INFO | request | request.py | get: https://www.temu.com/
2024-04-28 19:40:44 | INFO | proxy | proxy.py | Proxy is http://user-databurning-sessid-zj3zo8me-sesstime-20-keep-true:databurning@43.128.74.58:30111
2024-04-28 19:40:44 | INFO | request | request.py | get: https://www.temu.com/
2024-04-28 19:40:52 | INFO | request | request.py | get: https://www.temu.com/api/server/_stm
2024-04-28 19:40:56 | INFO | request | request.py | get: https://www.temu.com/api/phantom/dm/wl/cg
2024-04-28 19:40:56 | INFO | request | request.py | get: https://www.temu.com/api/phantom/xg/pfb/a3
2024-04-28 19:40:56 | INFO | request | request.py | get: https://www.temu.com/api/phantom/xg/pfb/b
2024-04-28 19:40:56 | INFO | request | request.py | post: https://www.temu.com/api/phantom/xg/pfb/a4
2024-04-28 19:40:56 | INFO | request | request.py | get: https://www.temu.com/api/phantom/xg/pfb/l1
2024-04-28 19:41:00 | INFO | request | request.py | post: https://eu.thtk.temu.com/c/th.gif
2024-04-28 19:41:00 | INFO | request | request.py | post: https://eu.thtk.temu.com/c/th.gif
2024-04-28 19:41:00 | INFO | request | request.py | post: https://eu.thtk.temu.com/c/th.gif
2024-04-28 19:41:00 | INFO | request | request.py | post: https://eu.thtk.temu.com/c/th.gif
2024-04-28 19:41:05 | INFO | request | request.py | post: https://eu.thtk.temu.com/c/th.gif
2024-04-28 19:41:05 | INFO | request | request.py | post: https://eu.thtk.temu.com/c/th.gif
2024-04-28 19:41:05 | INFO | request | request.py | post: https://eu.thtk.temu.com/c/th.gif
2024-04-28 19:41:05 | INFO | request | request.py | post: https://eu.thtk.temu.com/c/th.gif
2024-04-28 19:41:11 | INFO | temu | temu.py | 开始验证
2024-04-28 19:41:11 | INFO | request | request.py | get: https://www.temu.com/api/adx/cm/ttc?scene=1&type=0
2024-04-28 19:41:14 | INFO | request | request.py | get: https://www.temu.com/api/alexa/homepage/goods_list
2024-04-28 19:41:19 | INFO | request | request.py | post: https://www.temu.com/api/poppy/v1/opt_list?scene=opt_list_all
2024-04-28 19:41:23 | INFO | temu | temu.py | 接口出现验证码,开始验证 token:zp9JDye8RZchS9rrxc7xkA8b2b76d44a978dde3
2024-04-28 19:41:23 | INFO | verify_captcha | verify_captcha.py | 验证码识别开始
2024-04-28 19:41:23 | INFO | request | request.py | get: https://www.temu.com/uk/bgn_verification.html?VerifyAuthToken=zp9JDye8RZchS9rrxc7xkA8b2b76d44a978dde3&from=https%3A%2F%2Fwww.temu.com%2F&type=iframe&iframeMsgId=yyollvxxqbw5h41p58zht
2024-04-28 19:41:28 | INFO | request | request.py | post: https://eu.thtk.temu.com/c/th.gif
2024-04-28 19:41:28 | INFO | request | request.py | post: https://eu.thtk.temu.com/c/th.gif
2024-04-28 19:41:32 | INFO | request | request.py | post: https://www.temu.com/api/phantom/vc_pre_ck
2024-04-28 19:41:36 | INFO | verify_captcha | verify_captcha.py | 开始获取验证吗
2024-04-28 19:41:36 | INFO | request | request.py | post: https://www.temu.com/api/phantom/obtain_captcha
2024-04-28 19:41:41 | INFO | verify_captcha | verify_captcha.py | 验证吗获取完成
2024-04-28 19:41:41 | INFO | verify_captcha | verify_captcha.py | 点选验证码开始识别
2024-04-28 19:41:45 | INFO | verify_captcha | verify_captcha.py | 识别完成
2024-04-28 19:41:46 | INFO | verify_captcha | verify_captcha.py | 轨迹构造完成,开始提交
2024-04-28 19:41:46 | INFO | request | request.py | post: https://www.temu.com/api/phantom/user_verify
2024-04-28 19:41:49 | INFO | verify_captcha | verify_captcha.py | 验证识别通过
2024-04-28 19:41:49 | INFO | request | request.py | post: https://www.temu.com/api/poppy/v1/opt_list?scene=opt_list_all
2024-04-28 19:41:56 | INFO | temu | temu.py | 选择一部分商品进行gif提交
2024-04-28 19:41:56 | INFO | temu | temu.py | 校验商品接口
2024-04-28 19:42:05 | INFO | proxy | proxy.py | Proxy is http://user-databurning-sessid-s9czzj8f-sesstime-20-keep-true:databurning@43.128.74.58:30111
2024-04-28 19:42:05 | INFO | request | request.py | get: https://www.temu.com/
2024-04-28 19:42:14 | INFO | proxy | proxy.py | Proxy is http://user-databurning-sessid-tj4vm7ur-sesstime-20-keep-true:databurning@43.128.74.58:30111
2024-04-28 19:42:14 | INFO | request | request.py | get: https://www.temu.com/
2024-04-28 19:42:28 | INFO | proxy | proxy.py | Proxy is http://user-databurning-sessid-q5nnkz0q-sesstime-20-keep-true:databurning@43.128.74.58:30111
2024-04-28 19:42:28 | INFO | request | request.py | get: https://www.temu.com/
2024-04-28 19:42:38 | ERROR | request | request.py | get error: [Errno requests_go error:] {"err": "request->response, err := GetSession(requestParams.Id).Request(requestParams.Method, requestParams.Url, req) failed: net/http: request canceled (Client.Timeout or context cancellation while reading body)"}
2024-04-28 19:42:38 | INFO | proxy | proxy.py | Proxy is http://user-databurning-sessid-z8dvuxsk-sesstime-20-keep-true:databurning@43.128.74.58:30111
2024-04-28 19:43:09 | INFO | proxy | proxy.py | Proxy is http://user-databurning-sessid-qb88jdjm-sesstime-20-keep-true:databurning@43.128.74.58:30111
2024-04-28 19:43:09 | INFO | request | request.py | get: https://www.temu.com/
2024-04-28 19:43:09 | ERROR | request | request.py | get error: [Errno requests_go error:] {"err": "request->response, err := GetSession(requestParams.Id).Request(requestParams.Method, requestParams.Url, req) failed: Get "https://www.temu.com/": unsupported Curve in KeyShareExtension: CurveID(0).To mimic it, fill the Data(key) field manually"}
2024-04-28 19:43:09 | INFO | proxy | proxy.py | Proxy is http://user-databurning-sessid-8pdwpl7d-sesstime-20-keep-true:databurning@43.128.74.58:30111
2024-04-28 19:43:09 | ERROR | request | request.py | get error: [Errno requests_go error:] {"err": "request->response, err := GetSession(requestParams.Id).Request(requestParams.Method, requestParams.Url, req) failed: Get "https://www.temu.com/": unsupported Curve in KeyShareExtension: CurveID(0).To mimic it, fill the Data(key) field manually"}
2024-04-28 19:43:09 | INFO | proxy | proxy.py | Proxy is http://user-databurning-sessid-7asvagzt-sesstime-20-keep-true:databurning@43.128.74.58:30111
2024-04-28 19:43:10 | ERROR | request | request.py | get error: [Errno requests_go error:] {"err": "request->response, err := GetSession(requestParams.Id).Request(requestParams.Method, requestParams.Url, req) failed: Get "https://www.temu.com/": unsupported Curve in KeyShareExtension: CurveID(0).To mimic it, fill the Data(key) field manually"}
2024-04-28 19:43:10 | INFO | proxy | proxy.py | Proxy is http://user-databurning-sessid-q32621u2-sesstime-20-keep-true:databurning@43.128.74.58:30111
2024-04-28 19:43:13 | INFO | proxy | proxy.py | Proxy is http://user-databurning-sessid-9r5duiqk-sesstime-20-keep-true:databurning@43.128.74.58:30111
2024-04-28 19:43:13 | INFO | request | request.py | get: https://www.temu.com/
2024-04-28 19:43:14 | ERROR | request | request.py | get error: [Errno requests_go error:] {"err": "request->response, err := GetSession(requestParams.Id).Request(requestParams.Method, requestParams.Url, req) failed: Get "https://www.temu.com/": unsupported Curve in KeyShareExtension: CurveID(0).To mimic it, fill the Data(key) field manually"}
2024-04-28 19:43:14 | INFO | proxy | proxy.py | Proxy is http://user-databurning-sessid-m5vacynw-sesstime-20-keep-true:databurning@43.128.74.58:30111
2024-04-28 19:43:14 | ERROR | request | request.py | get error: [Errno requests_go error:] {"err": "request->response, err := GetSession(requestParams.Id).Request(requestParams.Method, requestParams.Url, req) failed: Get "https://www.temu.com/": unsupported Curve in KeyShareExtension: CurveID(0).To mimic it, fill the Data(key) field manually"}
2024-04-28 19:43:14 | INFO | proxy | proxy.py | Proxy is http://user-databurning-sessid-3dnxitx2-sesstime-20-keep-true:databurning@43.128.74.58:30111
2024-04-28 19:43:15 | ERROR | request | request.py | get error: [Errno requests_go error:] {"err": "request->response, err := GetSession(requestParams.Id).Request(requestParams.Method, requestParams.Url, req) failed: Get "https://www.temu.com/": unsupported Curve in KeyShareExtension: CurveID(0).To mimic it, fill the Data(key) field manually"}
2024-04-28 19:43:15 | INFO | proxy | proxy.py | Proxy is http://user-databurning-sessid-wg7t4mp8-sesstime-20-keep-true:databurning@43.128.74.58:30111
2024-04-28 19:43:15 | ERROR | request | request.py | get error: [Errno requests_go error:] {"err": "request->response, err := GetSession(requestParams.Id).Request(requestParams.Method, requestParams.Url, req) failed: Get "https://www.temu.com/": unsupported Curve in KeyShareExtension: CurveID(0).To mimic it, fill the Data(key) field manually"}
2024-04-28 19:43:15 | INFO | proxy | proxy.py | Proxy is http://user-databurning-sessid-x1xajbkz-sesstime-20-keep-true:databurning@43.128.74.58:30111
2024-04-28 19:43:16 | INFO | request | request.py | get: https://www.temu.com/
2024-04-28 19:43:17 | ERROR | request | request.py | get error: [Errno requests_go error:] {"err": "request->response, err := GetSession(requestParams.Id).Request(requestParams.Method, requestParams.Url, req) failed: Get "https://www.temu.com/": unsupported Curve in KeyShareExtension: CurveID(0).To mimic it, fill the Data(key) field manually"}
2024-04-28 19:43:17 | INFO | proxy | proxy.py | Proxy is http://user-databurning-sessid-n161u6fs-sesstime-20-keep-true:databurning@43.128.74.58:30111
2024-04-28 19:43:25 | INFO | proxy | proxy.py | Proxy is http://user-databurning-sessid-pf3w5m27-sesstime-20-keep-true:databurning@43.128.74.58:30111
2024-04-28 19:43:25 | INFO | request | request.py | get: https://www.temu.com/
2024-04-28 19:43:26 | ERROR | request | request.py | get error: [Errno requests_go error:] {"err": "request->response, err := GetSession(requestParams.Id).Request(requestParams.Method, requestParams.Url, req) failed: Get "https://www.temu.com/": unsupported Curve in KeyShareExtension: CurveID(0).To mimic it, fill the Data(key) field manually"}
2024-04-28 19:43:26 | INFO | proxy | proxy.py | Proxy is http://user-databurning-sessid-of8s8znu-sesstime-20-keep-true:databurning@43.128.74.58:30111
2024-04-28 19:43:26 | ERROR | request | request.py | get error: [Errno requests_go error:] {"err": "request->response, err := GetSession(requestParams.Id).Request(requestParams.Method, requestParams.Url, req) failed: Get "https://www.temu.com/": unsupported Curve in KeyShareExtension: CurveID(0).To mimic it, fill the Data(key) field manually"}
2024-04-28 19:43:26 | INFO | proxy | proxy.py | Proxy is http://user-databurning-sessid-c9ar3l0i-sesstime-20-keep-true:databurning@43.128.74.58:30111
2024-04-28 19:43:27 | ERROR | request | request.py | get error: [Errno requests_go error:] {"err": "request->response, err := GetSession(requestParams.Id).Request(requestParams.Method, requestParams.Url, req) failed: Get "https://www.temu.com/": unsupported Curve in KeyShareExtension: CurveID(0).To mimic it, fill the Data(key) field manually"}
2024-04-28 19:43:27 | INFO | proxy | proxy.py | Proxy is http://user-databurning-sessid-1wyd1d9z-sesstime-20-keep-true:databurning@43.128.74.58:30111
2024-04-28 19:43:27 | ERROR | request | request.py | get error: [Errno requests_go error:] {"err": "request->response, err := GetSession(requestParams.Id).Request(requestParams.Method, requestParams.Url, req) failed: Get "https://www.temu.com/": unsupported Curve in KeyShareExtension: CurveID(0).To mimic it, fill the Data(key) field manually"}
2024-04-28 19:43:27 | INFO | proxy | proxy.py | Proxy is http://user-databurning-sessid-1v3ekied-sesstime-20-keep-true:databurning@43.128.74.58:30111
2024-04-28 19:43:28 | INFO | request | request.py | get: https://www.temu.com/
2024-04-28 19:43:28 | ERROR | request | request.py | get error: [Errno requests_go error:] {"err": "request->response, err := GetSession(requestParams.Id).Request(requestParams.Method, requestParams.Url, req) failed: Get "https://www.temu.com/": unsupported Curve in KeyShareExtension: CurveID(0).To mimic it, fill the Data(key) field manually"}
2024-04-28 19:43:28 | INFO | proxy | proxy.py | Proxy is http://user-databurning-sessid-l2fg6r3n-sesstime-20-keep-true:databurning@43.128.74.58:30111
2024-04-28 19:43:28 | ERROR | request | request.py | get error: [Errno requests_go error:] {"err": "request->response, err := GetSession(requestParams.Id).Request(requestParams.Method, requestParams.Url, req) failed: Get "https://www.temu.com/": unsupported Curve in KeyShareExtension: CurveID(0).To mimic it, fill the Data(key) field manually"}
2024-04-28 19:43:28 | INFO | proxy | proxy.py | Proxy is http://user-databurning-sessid-09ro1b7u-sesstime-20-keep-true:databurning@43.128.74.58:30111
2024-04-28 19:43:29 | ERROR | request | request.py | get error: [Errno requests_go error:] {"err": "request->response, err := GetSession(requestParams.Id).Request(requestParams.Method, requestParams.Url, req) failed: Get "https://www.temu.com/": unsupported Curve in KeyShareExtension: CurveID(0).To mimic it, fill the Data(key) field manually"}
2024-04-28 19:43:29 | INFO | proxy | proxy.py | Proxy is http://user-databurning-sessid-51a0zz5u-sesstime-20-keep-true:databurning@43.128.74.58:30111
2024-04-28 19:43:29 | ERROR | request | request.py | get error: [Errno requests_go error:] {"err": "request->response, err := GetSession(requestParams.Id).Request(requestParams.Method, requestParams.Url, req) failed: Get "https://www.temu.com/": unsupported Curve in KeyShareExtension: CurveID(0).To mimic it, fill the Data(key) field manually"}
2024-04-28 19:43:29 | INFO | proxy | proxy.py | Proxy is http://user-databurning-sessid-vzvaemk2-sesstime-20-keep-true:databurning@43.128.74.58:30111
2024-04-28 19:43:30 | INFO | request | request.py | get: https://www.temu.com/
2024-04-28 19:43:31 | ERROR | request | request.py | get error: [Errno requests_go error:] {"err": "request->response, err := GetSession(requestParams.Id).Request(requestParams.Method, requestParams.Url, req) failed: Get "https://www.temu.com/": unsupported Curve in KeyShareExtension: CurveID(0).To mimic it, fill the Data(key) field manually"}
2024-04-28 19:43:31 | INFO | proxy | proxy.py | Proxy is http://user-databurning-sessid-volchdrv-sesstime-20-keep-true:databurning@43.128.74.58:30111
2024-04-28 19:43:31 | ERROR | request | request.py | get error: [Errno requests_go error:] {"err": "request->response, err := GetSession(requestParams.Id).Request(requestParams.Method, requestParams.Url, req) failed: Get "https://www.temu.com/": unsupported Curve in KeyShareExtension: CurveID(0).To mimic it, fill the Data(key) field manually"}
2024-04-28 19:43:31 | INFO | proxy | proxy.py | Proxy is http://user-databurning-sessid-kknk4qzf-sesstime-20-keep-true:databurning@43.128.74.58:30111
2024-04-28 19:43:32 | ERROR | request | request.py | get error: [Errno requests_go error:] {"err": "request->response, err := GetSession(requestParams.Id).Request(requestParams.Method, requestParams.Url, req) failed: Get "https://www.temu.com/": unsupported Curve in KeyShareExtension: CurveID(0).To mimic it, fill the Data(key) field manually"}
2024-04-28 19:43:32 | INFO | proxy | proxy.py | Proxy is http://user-databurning-sessid-q0pex56n-sesstime-20-keep-true:databurning@43.128.74.58:30111
2024-04-28 19:43:32 | ERROR | request | request.py | get error: [Errno requests_go error:] {"err": "request->response, err := GetSession(requestParams.Id).Request(requestParams.Method, requestParams.Url, req) failed: Get "https://www.temu.com/": unsupported Curve in KeyShareExtension: CurveID(0).To mimic it, fill the Data(key) field manually"}
2024-04-28 19:43:32 | INFO | proxy | proxy.py | Proxy is http://user-databurning-sessid-38k3m0kh-sesstime-20-keep-true:databurning@43.128.74.58:30111
2024-04-28 19:43:37 | INFO | proxy | proxy.py | Proxy is http://user-databurning-sessid-z37z1nlh-sesstime-20-keep-true:databurning@43.128.74.58:30111
2024-04-28 19:43:37 | INFO | request | request.py | get: https://www.temu.com/
2024-04-28 19:43:37 | ERROR | request | request.py | get error: [Errno requests_go error:] {"err": "request->response, err := GetSession(requestParams.Id).Request(requestParams.Method, requestParams.Url, req) failed: Get "https://www.temu.com/": unsupported Curve in KeyShareExtension: CurveID(0).To mimic it, fill the Data(key) field manually"}
2024-04-28 19:43:37 | INFO | proxy | proxy.py | Proxy is http://user-databurning-sessid-hi9aq216-sesstime-20-keep-true:databurning@43.128.74.58:30111
2024-04-28 19:43:38 | ERROR | request | request.py | get error: [Errno requests_go error:] {"err": "request->response, err := GetSession(requestParams.Id).Request(requestParams.Method, requestParams.Url, req) failed: Get "https://www.temu.com/": unsupported Curve in KeyShareExtension: CurveID(0).To mimic it, fill the Data(key) field manually"}
2024-04-28 19:43:38 | INFO | proxy | proxy.py | Proxy is http://user-databurning-sessid-bevdjohd-sesstime-20-keep-true:databurning@43.128.74.58:30111
2024-04-28 19:43:38 | ERROR | request | request.py | get error: [Errno requests_go error:] {"err": "request->response, err := GetSession(requestParams.Id).Request(requestParams.Method, requestParams.Url, req) failed: Get "https://www.temu.com/": unsupported Curve in KeyShareExtension: CurveID(0).To mimic it, fill the Data(key) field manually"}
2024-04-28 19:43:38 | INFO | proxy | proxy.py | Proxy is http://user-databurning-sessid-jmg1qbpf-sesstime-20-keep-true:databurning@43.128.74.58:30111
2024-04-28 19:43:38 | ERROR | request | request.py | get error: [Errno requests_go error:] {"err": "request->response, err := GetSession(requestParams.Id).Request(requestParams.Method, requestParams.Url, req) failed: Get "https://www.temu.com/": unsupported Curve in KeyShareExtension: CurveID(0).To mimic it, fill the Data(key) field manually"}
2024-04-28 19:43:38 | INFO | proxy | proxy.py | Proxy is http://user-databurning-sessid-hcbuhhcu-sesstime-20-keep-true:databurning@43.128.74.58:30111
2024-04-28 19:43:39 | INFO | request | request.py | get: https://www.temu.com/
2024-04-28 19:43:40 | ERROR | request | request.py | get error: [Errno requests_go error:] {"err": "request->response, err := GetSession(requestParams.Id).Request(requestParams.Method, requestParams.Url, req) failed: Get "https://www.temu.com/": unsupported Curve in KeyShareExtension: CurveID(0).To mimic it, fill the Data(key) field manually"}
2024-04-28 19:43:40 | INFO | proxy | proxy.py | Proxy is http://user-databurning-sessid-5qjql0u8-sesstime-20-keep-true:databurning@43.128.74.58:30111
2024-04-28 19:43:40 | ERROR | request | request.py | get error: [Errno requests_go error:] {"err": "request->response, err := GetSession(requestParams.Id).Request(requestParams.Method, requestParams.Url, req) failed: Get "https://www.temu.com/": unsupported Curve in KeyShareExtension: CurveID(0).To mimic it, fill the Data(key) field manually"}
2024-04-28 19:43:40 | INFO | proxy | proxy.py | Proxy is http://user-databurning-sessid-5go7sts1-sesstime-20-keep-true:databurning@43.128.74.58:30111
2024-04-28 19:43:41 | ERROR | request | request.py | get error: [Errno requests_go error:] {"err": "request->response, err := GetSession(requestParams.Id).Request(requestParams.Method, requestParams.Url, req) failed: Get "https://www.temu.com/": unsupported Curve in KeyShareExtension: CurveID(0).To mimic it, fill the Data(key) field manually"}
2024-04-28 19:43:41 | INFO | proxy | proxy.py | Proxy is http://user-databurning-sessid-18132rck-sesstime-20-keep-true:databurning@43.128.74.58:30111
2024-04-28 19:43:41 | ERROR | request | request.py | get error: [Errno requests_go error:] {"err": "request->response, err := GetSession(requestParams.Id).Request(requestParams.Method, requestParams.Url, req) failed: Get "https://www.temu.com/": unsupported Curve in KeyShareExtension: CurveID(0).To mimic it, fill the Data(key) field manually"}
2024-04-28 19:43:41 | INFO | proxy | proxy.py | Proxy is http://user-databurning-sessid-pp76p3vy-sesstime-20-keep-true:databurning@43.128.74.58:30111
2024-04-28 19:43:41 | INFO | request | request.py | get: https://www.temu.com/
2024-04-28 19:43:42 | ERROR | request | request.py | get error: [Errno requests_go error:] {"err": "request->response, err := GetSession(requestParams.Id).Request(requestParams.Method, requestParams.Url, req) failed: Get "https://www.temu.com/": unsupported Curve in KeyShareExtension: CurveID(0).To mimic it, fill the Data(key) field manually"}
2024-04-28 19:43:42 | INFO | proxy | proxy.py | Proxy is http://user-databurning-sessid-ovev9tgc-sesstime-20-keep-true:databurning@43.128.74.58:30111
2024-04-28 19:43:42 | ERROR | request | request.py | get error: [Errno requests_go error:] {"err": "request->response, err := GetSession(requestParams.Id).Request(requestParams.Method, requestParams.Url, req) failed: Get "https://www.temu.com/": unsupported Curve in KeyShareExtension: CurveID(0).To mimic it, fill the Data(key) field manually"}
2024-04-28 19:43:42 | INFO | proxy | proxy.py | Proxy is http://user-databurning-sessid-rpf74trr-sesstime-20-keep-true:databurning@43.128.74.58:30111
2024-04-28 19:43:43 | ERROR | request | request.py | get error: [Errno requests_go error:] {"err": "request->response, err := GetSession(requestParams.Id).Request(requestParams.Method, requestParams.Url, req) failed: Get "https://www.temu.com/": unsupported Curve in KeyShareExtension: CurveID(0).To mimic it, fill the Data(key) field manually"}
2024-04-28 19:43:43 | INFO | proxy | proxy.py | Proxy is http://user-databurning-sessid-iut4k8m1-sesstime-20-keep-true:databurning@43.128.74.58:30111
2024-04-28 19:43:43 | ERROR | request | request.py | get error: [Errno requests_go error:] {"err": "request->response, err := GetSession(requestParams.Id).Request(requestParams.Method, requestParams.Url, req) failed: Get "https://www.temu.com/": unsupported Curve in KeyShareExtension: CurveID(0).To mimic it, fill the Data(key) field manually"}
2024-04-28 19:43:43 | INFO | proxy | proxy.py | Proxy is http://user-databurning-sessid-p3z9affp-sesstime-20-keep-true:databurning@43.128.74.58:30111
2024-04-28 19:43:53 | INFO | proxy | proxy.py | Proxy is http://user-databurning-sessid-k2izviv2-sesstime-20-keep-true:databurning@43.128.74.58:30111
2024-04-28 19:43:53 | INFO | request | request.py | get: https://www.temu.com/
2024-04-28 19:44:00 | INFO | request | request.py | get: https://www.temu.com/api/server/_stm
2024-04-28 19:44:05 | INFO | proxy | proxy.py | Proxy is http://user-databurning-sessid-q6wvbih2-sesstime-20-keep-true:databurning@43.128.74.58:30111
2024-04-28 19:44:05 | INFO | request | request.py | get: https://www.temu.com/
2024-04-28 19:44:05 | ERROR | request | request.py | get error: [Errno requests_go error:] {"err": "request->response, err := GetSession(requestParams.Id).Request(requestParams.Method, requestParams.Url, req) failed: Get "https://www.temu.com/": unsupported Curve in KeyShareExtension: CurveID(0).To mimic it, fill the Data(key) field manually"}
2024-04-28 19:44:05 | INFO | proxy | proxy.py | Proxy is http://user-databurning-sessid-y6jyha71-sesstime-20-keep-true:databurning@43.128.74.58:30111
2024-04-28 19:44:06 | ERROR | request | request.py | get error: [Errno requests_go error:] {"err": "request->response, err := GetSession(requestParams.Id).Request(requestParams.Method, requestParams.Url, req) failed: Get "https://www.temu.com/": unsupported Curve in KeyShareExtension: CurveID(0).To mimic it, fill the Data(key) field manually"}
2024-04-28 19:44:06 | INFO | proxy | proxy.py | Proxy is http://user-databurning-sessid-4kkdq0h9-sesstime-20-keep-true:databurning@43.128.74.58:30111
2024-04-28 19:44:06 | ERROR | request | request.py | get error: [Errno requests_go error:] {"err": "request->response, err := GetSession(requestParams.Id).Request(requestParams.Method, requestParams.Url, req) failed: Get "https://www.temu.com/": unsupported Curve in KeyShareExtension: CurveID(0).To mimic it, fill the Data(key) field manually"}
2024-04-28 19:44:06 | INFO | proxy | proxy.py | Proxy is http://user-databurning-sessid-u4ugyi6k-sesstime-20-keep-true:databurning@43.128.74.58:30111
2024-04-28 19:44:07 | ERROR | request | request.py | get error: [Errno requests_go error:] {"err": "request->response, err := GetSession(requestParams.Id).Request(requestParams.Method, requestParams.Url, req) failed: Get "https://www.temu.com/": unsupported Curve in KeyShareExtension: CurveID(0).To mimic it, fill the Data(key) field manually"}
2024-04-28 19:44:07 | INFO | proxy | proxy.py | Proxy is http://user-databurning-sessid-0cyhhqno-sesstime-20-keep-true:databurning@43.128.74.58:30111
2024-04-28 19:44:07 | INFO | request | request.py | get: https://www.temu.com/
2024-04-28 19:44:07 | ERROR | request | request.py | get error: [Errno requests_go error:] {"err": "request->response, err := GetSession(requestParams.Id).Request(requestParams.Method, requestParams.Url, req) failed: Get "https://www.temu.com/": unsupported Curve in KeyShareExtension: CurveID(0).To mimic it, fill the Data(key) field manually"}
2024-04-28 19:44:07 | INFO | proxy | proxy.py | Proxy is http://user-databurning-sessid-l5jov1i0-sesstime-20-keep-true:databurning@43.128.74.58:30111
2024-04-28 19:44:08 | ERROR | request | request.py | get error: [Errno requests_go error:] {"err": "request->response, err := GetSession(requestParams.Id).Request(requestParams.Method, requestParams.Url, req) failed: Get "https://www.temu.com/": unsupported Curve in KeyShareExtension: CurveID(0).To mimic it, fill the Data(key) field manually"}
2024-04-28 19:44:08 | INFO | proxy | proxy.py | Proxy is http://user-databurning-sessid-j05vrc0h-sesstime-20-keep-true:databurning@43.128.74.58:30111
2024-04-28 19:44:20 | INFO | proxy | proxy.py | Proxy is http://user-databurning-sessid-906653zd-sesstime-20-keep-true:databurning@43.128.74.58:30111
2024-04-28 19:44:20 | INFO | request | request.py | get: https://www.temu.com/
2024-04-28 19:44:21 | ERROR | request | request.py | get error: [Errno requests_go error:] {"err": "request->response, err := GetSession(requestParams.Id).Request(requestParams.Method, requestParams.Url, req) failed: Get "https://www.temu.com/": unsupported Curve in KeyShareExtension: CurveID(0).To mimic it, fill the Data(key) field manually"}
2024-04-28 19:44:21 | INFO | proxy | proxy.py | Proxy is http://user-databurning-sessid-5d8vg3lk-sesstime-20-keep-true:databurning@43.128.74.58:30111
2024-04-28 19:44:21 | ERROR | request | request.py | get error: [Errno requests_go error:] {"err": "request->response, err := GetSession(requestParams.Id).Request(requestParams.Method, requestParams.Url, req) failed: Get "https://www.temu.com/": unsupported Curve in KeyShareExtension: CurveID(0).To mimic it, fill the Data(key) field manually"}
2024-04-28 19:44:21 | INFO | proxy | proxy.py | Proxy is http://user-databurning-sessid-d281pj7b-sesstime-20-keep-true:databurning@43.128.74.58:30111
2024-04-28 19:44:22 | ERROR | request | request.py | get error: [Errno requests_go error:] {"err": "request->response, err := GetSession(requestParams.Id).Request(requestParams.Method, requestParams.Url, req) failed: Get "https://www.temu.com/": unsupported Curve in KeyShareExtension: CurveID(0).To mimic it, fill the Data(key) field manually"}
2024-04-28 19:44:22 | INFO | proxy | proxy.py | Proxy is http://user-databurning-sessid-665l5a0w-sesstime-20-keep-true:databurning@43.128.74.58:30111
2024-04-28 19:44:22 | ERROR | request | request.py | get error: [Errno requests_go error:] {"err": "request->response, err := GetSession(requestParams.Id).Request(requestParams.Method, requestParams.Url, req) failed: Get "https://www.temu.com/": unsupported Curve in KeyShareExtension: CurveID(0).To mimic it, fill the Data(key) field manually"}
2024-04-28 19:44:22 | INFO | proxy | proxy.py | Proxy is http://user-databurning-sessid-pqgvz05c-sesstime-20-keep-true:databurning@43.128.74.58:30111
2024-04-28 19:44:23 | INFO | request | request.py | get: https://www.temu.com/
2024-04-28 19:44:24 | ERROR | request | request.py | get error: [Errno requests_go error:] {"err": "request->response, err := GetSession(requestParams.Id).Request(requestParams.Method, requestParams.Url, req) failed: Get "https://www.temu.com/": unsupported Curve in KeyShareExtension: CurveID(0).To mimic it, fill the Data(key) field manually"}
2024-04-28 19:44:24 | INFO | proxy | proxy.py | Proxy is http://user-databurning-sessid-n9ec3272-sesstime-20-keep-true:databurning@43.128.74.58:30111
2024-04-28 19:44:24 | ERROR | request | request.py | get error: [Errno requests_go error:] {"err": "request->response, err := GetSession(requestParams.Id).Request(requestParams.Method, requestParams.Url, req) failed: Get "https://www.temu.com/": unsupported Curve in KeyShareExtension: CurveID(0).To mimic it, fill the Data(key) field manually"}
2024-04-28 19:44:24 | INFO | proxy | proxy.py | Proxy is http://user-databurning-sessid-k4irdxtr-sesstime-20-keep-true:databurning@43.128.74.58:30111
2024-04-28 19:44:25 | ERROR | request | request.py | get error: [Errno requests_go error:] {"err": "request->response, err := GetSession(requestParams.Id).Request(requestParams.Method, requestParams.Url, req) failed: Get "https://www.temu.com/": unsupported Curve in KeyShareExtension: CurveID(0).To mimic it, fill the Data(key) field manually"}
2024-04-28 19:44:25 | INFO | proxy | proxy.py | Proxy is http://user-databurning-sessid-o5isw1hq-sesstime-20-keep-true:databurning@43.128.74.58:30111
2024-04-28 19:44:25 | ERROR | request | request.py | get error: [Errno requests_go error:] {"err": "request->response, err := GetSession(requestParams.Id).Request(requestParams.Method, requestParams.Url, req) failed: Get "https://www.temu.com/": unsupported Curve in KeyShareExtension: CurveID(0).To mimic it, fill the Data(key) field manually"}
2024-04-28 19:44:25 | INFO | proxy | proxy.py | Proxy is http://user-databurning-sessid-krj76pcn-sesstime-20-keep-true:databurning@43.128.74.58:30111
2024-04-28 19:44:26 | INFO | request | request.py | get: https://www.temu.com/
2024-04-28 19:44:26 | ERROR | request | request.py | get error: [Errno requests_go error:] {"err": "request->response, err := GetSession(requestParams.Id).Request(requestParams.Method, requestParams.Url, req) failed: Get "https://www.temu.com/": unsupported Curve in KeyShareExtension: CurveID(0).To mimic it, fill the Data(key) field manually"}
2024-04-28 19:44:26 | INFO | proxy | proxy.py | Proxy is http://user-databurning-sessid-plk6sk8j-sesstime-20-keep-true:databurning@43.128.74.58:30111
2024-04-28 19:44:28 | ERROR | request | request.py | get error: [Errno requests_go error:] {"err": "request->response, err := GetSession(requestParams.Id).Request(requestParams.Method, requestParams.Url, req) failed: Get "https://www.temu.com/": unsupported Curve in KeyShareExtension: CurveID(0).To mimic it, fill the Data(key) field manually"}
2024-04-28 19:44:28 | INFO | proxy | proxy.py | Proxy is http://user-databurning-sessid-6w1hir34-sesstime-20-keep-true:databurning@43.128.74.58:30111
2024-04-28 19:44:28 | ERROR | request | request.py | get error: [Errno requests_go error:] {"err": "request->response, err := GetSession(requestParams.Id).Request(requestParams.Method, requestParams.Url, req) failed: Get "https://www.temu.com/": unsupported Curve in KeyShareExtension: CurveID(0).To mimic it, fill the Data(key) field manually"}
2024-04-28 19:44:28 | INFO | proxy | proxy.py | Proxy is http://user-databurning-sessid-gxn715ee-sesstime-20-keep-true:databurning@43.128.74.58:30111
2024-04-28 19:44:29 | ERROR | request | request.py | get error: [Errno requests_go error:] {"err": "request->response, err := GetSession(requestParams.Id).Request(requestParams.Method, requestParams.Url, req) failed: Get "https://www.temu.com/": unsupported Curve in KeyShareExtension: CurveID(0).To mimic it, fill the Data(key) field manually"}
2024-04-28 19:44:29 | INFO | proxy | proxy.py | Proxy is http://user-databurning-sessid-fz2rnf4o-sesstime-20-keep-true:databurning@43.128.74.58:30111
2024-04-28 19:44:36 | INFO | proxy | proxy.py | Proxy is http://user-databurning-sessid-dq3cip5v-sesstime-20-keep-true:databurning@43.128.74.58:30111
2024-04-28 19:44:36 | INFO | request | request.py | get: https://www.temu.com/
2024-04-28 19:44:37 | ERROR | request | request.py | get error: [Errno requests_go error:] {"err": "request->response, err := GetSession(requestParams.Id).Request(requestParams.Method, requestParams.Url, req) failed: Get "https://www.temu.com/": unsupported Curve in KeyShareExtension: CurveID(0).To mimic it, fill the Data(key) field manually"}
2024-04-28 19:44:37 | INFO | proxy | proxy.py | Proxy is http://user-databurning-sessid-w0d0ksve-sesstime-20-keep-true:databurning@43.128.74.58:30111
2024-04-28 19:44:37 | ERROR | request | request.py | get error: [Errno requests_go error:] {"err": "request->response, err := GetSession(requestParams.Id).Request(requestParams.Method, requestParams.Url, req) failed: Get "https://www.temu.com/": unsupported Curve in KeyShareExtension: CurveID(0).To mimic it, fill the Data(key) field manually"}
2024-04-28 19:44:37 | INFO | proxy | proxy.py | Proxy is http://user-databurning-sessid-zwlm6zxl-sesstime-20-keep-true:databurning@43.128.74.58:30111
2024-04-28 19:44:38 | ERROR | request | request.py | get error: [Errno requests_go error:] {"err": "request->response, err := GetSession(requestParams.Id).Request(requestParams.Method, requestParams.Url, req) failed: Get "https://www.temu.com/": unsupported Curve in KeyShareExtension: CurveID(0).To mimic it, fill the Data(key) field manually"}
2024-04-28 19:44:38 | INFO | proxy | proxy.py | Proxy is http://user-databurning-sessid-71tns7ho-sesstime-20-keep-true:databurning@43.128.74.58:30111
2024-04-28 19:44:38 | ERROR | request | request.py | get error: [Errno requests_go error:] {"err": "request->response, err := GetSession(requestParams.Id).Request(requestParams.Method, requestParams.Url, req) failed: Get "https://www.temu.com/": unsupported Curve in KeyShareExtension: CurveID(0).To mimic it, fill the Data(key) field manually"}
2024-04-28 19:44:38 | INFO | proxy | proxy.py | Proxy is http://user-databurning-sessid-tu5qj9wd-sesstime-20-keep-true:databurning@43.128.74.58:30111
2024-04-28 19:44:38 | INFO | request | request.py | get: https://www.temu.com/
2024-04-28 19:44:39 | ERROR | request | request.py | get error: [Errno requests_go error:] {"err": "request->response, err := GetSession(requestParams.Id).Request(requestParams.Method, requestParams.Url, req) failed: Get "https://www.temu.com/": unsupported Curve in KeyShareExtension: CurveID(0).To mimic it, fill the Data(key) field manually"}
2024-04-28 19:44:39 | INFO | proxy | proxy.py | Proxy is http://user-databurning-sessid-ndt8qgtq-sesstime-20-keep-true:databurning@43.128.74.58:30111
2024-04-28 19:44:39 | ERROR | request | request.py | get error: [Errno requests_go error:] {"err": "request->response, err := GetSession(requestParams.Id).Request(requestParams.Method, requestParams.Url, req) failed: Get "https://www.temu.com/": unsupported Curve in KeyShareExtension: CurveID(0).To mimic it, fill the Data(key) field manually"}
2024-04-28 19:44:39 | INFO | proxy | proxy.py | Proxy is http://user-databurning-sessid-jbrht50x-sesstime-20-keep-true:databurning@43.128.74.58:30111
2024-04-28 19:44:40 | ERROR | request | request.py | get error: [Errno requests_go error:] {"err": "request->response, err := GetSession(requestParams.Id).Request(requestParams.Method, requestParams.Url, req) failed: Get "https://www.temu.com/": unsupported Curve in KeyShareExtension: CurveID(0).To mimic it, fill the Data(key) field manually"}
2024-04-28 19:44:40 | INFO | proxy | proxy.py | Proxy is http://user-databurning-sessid-u6hh0vfx-sesstime-20-keep-true:databurning@43.128.74.58:30111
2024-04-28 19:44:43 | ERROR | request | request.py | get error: [Errno requests_go error:] {"err": "request->response, err := GetSession(requestParams.Id).Request(requestParams.Method, requestParams.Url, req) failed: Get "https://www.temu.com/": unsupported Curve in KeyShareExtension: CurveID(0).To mimic it, fill the Data(key) field manually"}
2024-04-28 19:44:43 | INFO | proxy | proxy.py | Proxy is http://user-databurning-sessid-4tpm298y-sesstime-20-keep-true:databurning@43.128.74.58:30111
2024-04-28 19:44:43 | INFO | request | request.py | get: https://www.temu.com/
2024-04-28 19:44:44 | ERROR | request | request.py | get error: [Errno requests_go error:] {"err": "request->response, err := GetSession(requestParams.Id).Request(requestParams.Method, requestParams.Url, req) failed: Get "https://www.temu.com/": unsupported Curve in KeyShareExtension: CurveID(0).To mimic it, fill the Data(key) field manually"}
2024-04-28 19:44:44 | INFO | proxy | proxy.py | Proxy is http://user-databurning-sessid-ecbgcdvd-sesstime-20-keep-true:databurning@43.128.74.58:30111
2024-04-28 19:44:44 | ERROR | request | request.py | get error: [Errno requests_go error:] {"err": "request->response, err := GetSession(requestParams.Id).Request(requestParams.Method, requestParams.Url, req) failed: Get "https://www.temu.com/": unsupported Curve in KeyShareExtension: CurveID(0).To mimic it, fill the Data(key) field manually"}
2024-04-28 19:44:44 | INFO | proxy | proxy.py | Proxy is http://user-databurning-sessid-zwzqg4vg-sesstime-20-keep-true:databurning@43.128.74.58:30111
2024-04-28 19:44:45 | ERROR | request | request.py | get error: [Errno requests_go error:] {"err": "request->response, err := GetSession(requestParams.Id).Request(requestParams.Method, requestParams.Url, req) failed: Get "https://www.temu.com/": unsupported Curve in KeyShareExtension: CurveID(0).To mimic it, fill the Data(key) field manually"}
2024-04-28 19:44:45 | INFO | proxy | proxy.py | Proxy is http://user-databurning-sessid-axtumkju-sesstime-20-keep-true:databurning@43.128.74.58:30111
2024-04-28 19:44:48 | INFO | proxy | proxy.py | Proxy is http://user-databurning-sessid-4j9p9dol-sesstime-20-keep-true:databurning@43.128.74.58:30111
2024-04-28 19:44:48 | INFO | request | request.py | get: https://www.temu.com/
2024-04-28 19:44:48 | ERROR | request | request.py | get error: [Errno requests_go error:] {"err": "request->response, err := GetSession(requestParams.Id).Request(requestParams.Method, requestParams.Url, req) failed: Get "https://www.temu.com/": unsupported Curve in KeyShareExtension: CurveID(0).To mimic it, fill the Data(key) field manually"}
2024-04-28 19:44:48 | INFO | proxy | proxy.py | Proxy is http://user-databurning-sessid-0o9penxf-sesstime-20-keep-true:databurning@43.128.74.58:30111
2024-04-28 19:44:49 | ERROR | request | request.py | get error: [Errno requests_go error:] {"err": "request->response, err := GetSession(requestParams.Id).Request(requestParams.Method, requestParams.Url, req) failed: Get "https://www.temu.com/": unsupported Curve in KeyShareExtension: CurveID(0).To mimic it, fill the Data(key) field manually"}
2024-04-28 19:44:49 | INFO | proxy | proxy.py | Proxy is http://user-databurning-sessid-2txri0nm-sesstime-20-keep-true:databurning@43.128.74.58:30111
2024-04-28 19:44:50 | ERROR | request | request.py | get error: [Errno requests_go error:] {"err": "request->response, err := GetSession(requestParams.Id).Request(requestParams.Method, requestParams.Url, req) failed: Get "https://www.temu.com/": unsupported Curve in KeyShareExtension: CurveID(0).To mimic it, fill the Data(key) field manually"}
2024-04-28 19:44:50 | INFO | proxy | proxy.py | Proxy is http://user-databurning-sessid-p4qjbcsa-sesstime-20-keep-true:databurning@43.128.74.58:30111
2024-04-28 19:44:51 | ERROR | request | request.py | get error: [Errno requests_go error:] {"err": "request->response, err := GetSession(requestParams.Id).Request(requestParams.Method, requestParams.Url, req) failed: Get "https://www.temu.com/": unsupported Curve in KeyShareExtension: CurveID(0).To mimic it, fill the Data(key) field manually"}
2024-04-28 19:44:51 | INFO | proxy | proxy.py | Proxy is http://user-databurning-sessid-4p1kjpsa-sesstime-20-keep-true:databurning@43.128.74.58:30111
2024-04-28 19:44:51 | INFO | request | request.py | get: https://www.temu.com/
2024-04-28 19:44:52 | ERROR | request | request.py | get error: [Errno requests_go error:] {"err": "request->response, err := GetSession(requestParams.Id).Request(requestParams.Method, requestParams.Url, req) failed: Get "https://www.temu.com/": unsupported Curve in KeyShareExtension: CurveID(0).To mimic it, fill the Data(key) field manually"}
2024-04-28 19:44:52 | INFO | proxy | proxy.py | Proxy is http://user-databurning-sessid-cr3pmooh-sesstime-20-keep-true:databurning@43.128.74.58:30111
2024-04-28 19:45:48 | INFO | proxy | proxy.py | Proxy is http://user-databurning-sessid-8ytv5k7l-sesstime-20-keep-true:databurning@43.128.74.58:30111
2024-04-28 19:45:48 | INFO | request | request.py | get: https://www.temu.com/
2024-04-28 19:45:53 | INFO | request | request.py | get: https://www.temu.com/api/server/_stm
2024-04-28 19:45:56 | INFO | request | request.py | get: https://www.temu.com/api/phantom/dm/wl/cg
2024-04-28 19:45:56 | INFO | request | request.py | get: https://www.temu.com/api/phantom/xg/pfb/a3
2024-04-28 19:45:56 | INFO | request | request.py | get: https://www.temu.com/api/phantom/xg/pfb/b
2024-04-28 19:45:56 | INFO | request | request.py | post: https://www.temu.com/api/phantom/xg/pfb/a4
2024-04-28 19:45:56 | INFO | request | request.py | get: https://www.temu.com/api/phantom/xg/pfb/l1
2024-04-28 19:46:00 | INFO | request | request.py | post: https://eu.thtk.temu.com/c/th.gif
2024-04-28 19:46:00 | INFO | request | request.py | post: https://eu.thtk.temu.com/c/th.gif
2024-04-28 19:46:00 | INFO | request | request.py | post: https://eu.thtk.temu.com/c/th.gif
2024-04-28 19:46:00 | INFO | request | request.py | post: https://eu.thtk.temu.com/c/th.gif
2024-04-28 19:46:04 | INFO | request | request.py | post: https://eu.thtk.temu.com/c/th.gif
2024-04-28 19:46:04 | INFO | request | request.py | post: https://eu.thtk.temu.com/c/th.gif
2024-04-28 19:46:04 | INFO | request | request.py | post: https://eu.thtk.temu.com/c/th.gif
2024-04-28 19:46:04 | INFO | request | request.py | post: https://eu.thtk.temu.com/c/th.gif
2024-04-28 19:46:08 | INFO | temu | temu.py | 开始验证
2024-04-28 19:46:08 | INFO | request | request.py | get: https://www.temu.com/api/adx/cm/ttc?scene=1&type=0
2024-04-28 19:46:11 | INFO | request | request.py | get: https://www.temu.com/api/alexa/homepage/goods_list
2024-04-28 19:46:17 | INFO | request | request.py | post: https://www.temu.com/api/poppy/v1/opt_list?scene=opt_list_all
2024-04-28 19:46:20 | INFO | temu | temu.py | 接口出现验证码,开始验证 token:NmZfD-p7kTsA6JWdhgWa3A5b2d930cdb74bf931
2024-04-28 19:46:20 | INFO | verify_captcha | verify_captcha.py | 验证码识别开始
2024-04-28 19:46:20 | INFO | request | request.py | get: https://www.temu.com/uk/bgn_verification.html?VerifyAuthToken=NmZfD-p7kTsA6JWdhgWa3A5b2d930cdb74bf931&from=https%3A%2F%2Fwww.temu.com%2F&type=iframe&iframeMsgId=3kcxsyrs4wmo32kscanic
2024-04-28 21:53:31 | INFO | request | request.py | post: https://www.temu.com/api/bg/circle/c/mall/newGoodsList
